[    000000] Itiliing cgroup bss puset   0.000000] Itilizig cgroup subsys cpu
[    0.000000] Initializing cgroup subsys cpuacct
[    0.000000] LLinux version 4.4.0-138-generic (buildd@lcy01-amd64-006) (gcc version 5.4.0 20160609 (Ubuntu 5.4.0-6ubuntu1~16.04.10) ) #164-Ubuntu SMP Tue Oct 2 17:16:02 UTC 2018 (Ubuntu 4.4.0-138.164-generic 4.4.155)
[    0.000000] Command line: BOOT_IMAGE=/boot/vmlinuz-4.4.0-138-generic root=UUID757d3f0d-8b6b-4dd1-bd35-9a841bd9ce3d ro console=tty1 console=ttyS0
[    0.000000] KERNEL supportd cpus:
[    0.000000]   Intel GenuineIntel
[    .000000]   AMDAuhetiAMD
[    0.000]   Centaur Cenuraus
[    0.0000 x6/fpu:stteoffset[2]:  576, state_sizes[2]:  256
[    0.000000] x86/fpu: Supporting XSAVE feature 0x01: 87 floatingpoint registers'
[    0.000000] x86/fpu: Supporting XSAVE feature 0x02: 'SSE registers'
[    0.000000] x86/fpu: Supporting XSAVE featue x0: 'AVXegiser'
[   .000000] x86/fpu: Enabled xstate features 0x7, context size is83 bytes, in 'tandar format.
[    0.000000] e820: BIOS-provided physical RAM map:
[    0.000000] BIOS-e820: [mem 0x000000000000000-0000000000009fbff] usable
[    0.000000] BIOS-e820: [m x000000000fc0-x0000000009fff  reseed
[   0.000000] BIOS-e820: [mem 0x00000000000f0000-0x00000000000fffff] reserved
[    0.000000] BIOS-e820: [mem 0x0000000000100000-0x000000003ffeffff] usable
[    0.000000] BIOS-e820: [mem 0x000000003fff0000-0x000000003fffffff] ACPI data
[    0.000000] BIOS-e820: [mem 0x00000000fec00000-0x00000000fec00fff] reserved
[    0.00000]IO-e20: [mem 0x00000fe00000-0x00000000fee00fff] reserved
[    0.000000] BIOS-e820: [mem 0x00000000fffc0000-0x00000000ffffffff] reserved
[    0.000000] NX (Execute Disable) protection: active
[    0.000000] SMBIOS 2.5 present.
[    0.000000] Hypervisor detected: KVM
[    0.000000] e820: last_pfn = 0x3fff0 max_arch_pfn = 0x400000000
[    0.000000] MTRR: Disabled
[    0.000000] x86/PAT: MTRRs disabled, skipping PAT initialization too.
[    0.000000] CPU MTRRs all blank - virtualized system.
[    0.000000] x86/PAT: Configuration [0-7]: WB  WT  UC- UC  WB  WT  UC- UC  
[    0.000000] found SMP MP-table at [mem 0x0009fff0-0x0009ffff] mapped at [ffff88000009fff0]
[    0.000000] Scanning 1 areas for low memory corruption
[    0.000000] RAMDISK: [mem 0x361ec000-0x370edfff]
[    0.000000] ACPI: Early table checksum verification disabled
[    0.000000] ACPI: RSDP 0x00000000000E0000 000024 (v02 VBOX  )
[    0.000000] ACPI: XSDT 0x000000003FFF0030 00003C (v01 VBOX   VBOXXSDT 00000001 ASL  00000061)
[    0.000000] ACPI: FACP 0x000000003FFF00F0 0000F4 (v04 VBOX   VBOXFACP 00000001 ASL  00000061)
[    0.000000] ACPI: DSDT 0x000000003FFF0470 0021FF (v02 VBOX   VBOXBIOS 00000002 INTL 20100528)
[    0.000000] ACPI: FACS 0x00000003FFF0200 000040
[    0.000000] ACPI: FACS 0x000000003FFF0200 000040
[    0.000000] ACPI: APIC 0x000000003FFF0240 00005(v2 BOX   VBOXAPIC 00000001 ASL  00000061)
[    0.000000] ACPI: SSDT 0x000000003FFF02A0 0001CC (v01 VBOX   VBOXCPUT 00000002 INTL 20100528)
[    0.000000] No NUMA configuration found
[    0.000000] Faking a node at [mem 0x0000000000000000-0x000000003ffeffff]
[    0.000000] NODE_DATA(0)allocate[mem0x3ffeb000-0x3ffeffff]
[    0.000000] kvm-clock: Using msrs 4b564d01 and 4b564d00
[    0.000000] kvm-clock: cpu 0, msr 0:3ffe3001, primy cpu clck
[    0.000000] kvm-clock: using sched offset of 4256055035 cycles
[    0.000000] clocksource: kvm-clock: mask: 0xffffffffffffffff max_cycles: 0x1cd42e4dffb, max_idle_ns881590591483 s
[    0.000000] Zon rnges:
[  0000000]   DMA      [mem 0x0000000000001000-0x0000000000ffffff]
[    0.000000]   DMA32    [mem 0x0000000001000000-0x000000003ffeffff]
[    0.000000]   Normal   empty
[    0.000000]   Device   empty
[    0.000000] Movable zone start for each node
[    0.000000] Early memory node ranges
[    0.000000]   node   0: [mem 0x0000000000001000-0000000009efff]
[    0.000000]   node   0: [mem 0x0000000000100000-0x00003ffeffff]
[   .00000] itemsetup node 0 [em0x00000000100-x000000003ffeffff]
[    0.000000] ACPI: PM-Timer IO Pt:0x4008[    0.00000] IOAPIC[0]: apic_id 2, version 32, address 0xfec00000, GSI 0-23
[    0.000000] ACPI: INT_SRC_OVR (bus 0 bus_irq 0 global_irq 2 dfl dfl)
[    0.000000] ACPI: INT_SRC_OVR (bus 0 bus_irq 9 global_irq 9 low level)
[    0.000000] Using ACPI (MADT) for SMP configuration information
[    0.000000] smpboot: Allowing 2 CPUs, 0 hotplug CPUs
[    0.000000] PM: Registered nosave memory: [mem 0x00000000-0x00000fff]
[    0.000000] PM: Registered nosave memory: [mem 0x0009f000-0x0009ffff]
[    0.000000] PM: Registered nosave memory: [mem 0x000a0000-0x000effff]
[    0.000000] PM: Registered nosave memory: [mem 0x000f0000-0x000fffff]
[    0.000000] e820: [mem 0x40000000-0xfebfffff] available for PCI devices
[    0.000000] Booting paravirtualized kernel on KVM
[    0.000000] clocksource: refined-jiffies: mask: 0xffffffff max_cycles: 0xffffffff, max_idle_ns: 7645519600211568 ns
[    0.000000] setup_percpu: NR_CPUS:512 nr_cpumask_bits:512 nr_cpu_ids:2 nr_node_ids:1
[    0.000000] PERCPU: Embedded 34 pages/cpu @ffff88003fc00000 s99608 r8192 d31464 u1048576
[    0.000000] PV qspinlock hash table entries: 256 (order: 0, 4096 bytes)
[    0.000000] Buil 1 zonelists in Node order, mobility grouping on.  Total pages: 257912
[    0.000000] Policy zone: DMA32
[    0.000000] Kernel command line: BOOT_IMAGE=/boot/vmlinuz-4.4.0-138-generic root=UUID=757d3f0d-8b6b-4dd1-bd35-9a841bd9ce3d ro console=tty1 console=ttyS0
[   .000000] PID hash table entries: 4096 (order: 3, 32768 bytes)
[    0.000000] Memory: 997136K/1048120K available (8563K kernel code, 1314K rwdata, 04 rodata, 1528K init, 116bss, 50984K reserved, 0K cma-reserved)
[    0.000000] SLUB: HWalign=64, Order=0-3, MinObjects=0, CPUs=2, Nodes=1
[    0.000000] Kernel/User page tables isolation: enabled
[    0.000000] Hierarchical RCU implementation.
[    0.000000] 	Build-time adjustment of leaf fanout to 64.
[    0.000000] 	RCU restricting CPUs from NR_CPUS=512 to nr_cpuids=2.
[    0.000000] RCU: Adjusting geometry or rcu_fnout_leaf=64, nr_u_ids=2
[    0.000000] NR_IRQS:33024 nr_irqs:440 16
[    0.000000] Console: colour VGA+ 80x25
[    0.000000] console [tty1] enabled
[    0.000000] console [ttyS0] enabled
[    0.000000] tsc: Detected 2904.000 MHz processor
[    2.716707] Calibrating delay loop (skipped) preset value.. 5808.00 BogoMIPS (lpj=11616000)
[    2.719386] pid_max: default: 32768 minimum: 301
[    2.720887] ACPI: Core revision 20150930
[    2.723009] ACPI: 2 ACPI AML tables successfully acquired and loaded
[    2.725094] Security Framework initialized
[    2.726394] Yama: becoming mindful.
[    2.727551] AppArmor: AppArmor initialized
[    2.728953] Dentry cache hash table entries: 131072 (order: 8, 1048576 bytes)
[    2.733027] Inode-cache hash table entries: 65536 (order: 7, 524288 bytes)
[    2.752133] Mount-cache hash table entries: 2048 (order: 2, 16384 bytes)
[    2.754613] Mountpoint-cache hash table entries: 2048 (order: 2, 16384 bytes)
[    2.757470] Initializing cgroup subsys io
[    2.759064] Initializing cgroup subsys memory
[    2.774579] Initializing cgroup subsys devices
[    2.782321] Initializing cgroup subsys freezer
[    2.795822] Initializing cgroup subsys net_cls
[    2.812396] Initializing cgroup subsys perf_event
[    2.814137] Initializing cgroup subsys net_prio
[    2.825710] Initializing cgroup subsys hugetlb
[    2.828631] Initializing cgroup subsys pids
[    2.831331] mce: CPU supports 0 MCE banks
[    2.835961] Last level iTLB entries: 4KB 64, 2MB 8, 4MB 8
[    2.864994] Last level dTLB entries: 4KB 64, 2MB 0, 4MB 0, 1GB 4
[    2.892314] Spectre V2 : Mitigation: Full generic retpoline
[    2.894421] Spectre V2 : Spectre v2 mitigation: Speculation control IBPB not-supported IBRS not-supported
[    2.928445] Spectre V2 : Spectre v2 / SpectreRSB mitigation: Filling RSB on context switch
[    2.956695] Speculative Store Bypass: Vulnerable
[    2.966144] Freeing SMP alternatives memory: 32K
[    2.981301] ftrace: allocating 32278 entries in 127 pages
[    3.080715] smpboot: APIC(0) Converting physical 0 to logical package 0
[    3.129660] smpboot: Max logical packages: 1
[    3.145867] x2apic enabled
[    3.147162] Switched APIC routing to physical x2apic.
[    3.184908] ..TIMER: vector=0x30 apic1=0 pin1=2 apic2=-1 pin2=-1
[    3.291812] smpboot: CPU0: Intel(R) Core(TM) i5-6267U CPU @ 2.90GHz (family: 0x6, model: 0x4e, stepping: 0x3)
[    3.332023] Performance Events: unsupported p6 CPU model 78 no PMU driver, software events only.
[    3.346513] KVM setup paravirtual spinlock
[    3.355724] x86: Booting SMP configuration:
[    3.357353] .... node  #0, CPUs:      #1
[    3.360823] kvm-clock: cpu 1, msr 0:3ffe3041, secondary cpu clock
[    3.363563] mce: CPU supports 0 MCE banks
[    3.366604] x86: Booted up 1 node, 2 CPUs
[    3.385112] smpboot: Total of 2 processors activated (11616.00 BogoMIPS)
[    3.420601] devtmpfs: initialized
[    3.442850] evm: security.selinux
[    3.460594] evm: security.SMACK64
[    3.508648] evm: security.SMACK64EXEC
[    3.535596] evm: security.SMACK64TRANSMUTE
[    3.545651] evm: security.SMACK64MMAP
[    3.565984] evm: security.ima
[    3.578745] evm: security.capability
[    3.624227] clocksource: jiffies: mask: 0xffffffff max_cycles: 0xffffffff, max_idle_ns: 7645041785100000 ns
[    3.665645] futex hash table entries: 512 (order: 3, 32768 bytes)
[    3.680514] pinctrl core: initialized pinctrl subsystem
[    3.682642] RTC time: 18:47:45, date: 01/04/19
[    3.684664] NET: Registered protocol family 16
[    3.704499] cpuidle: using governor ladder
[    3.716831] cpuidle: using governor menu
[    3.731883] PCCT header not found.
[    3.734024] ACPI: bus type PCI registered
[    3.736836] acpiphp: ACPI Hot Plug PCI Controller Driver version: 0.5
[    3.744820] PCI: Using configuration type 1 for base access
[    3.769333] ACPI: Added _OSI(Module Device)
[    3.771811] ACPI: Added _OSI(Processor Device)
[    3.774237] ACPI: Added _OSI(3.0 _SCP Extensions)
[    3.776940] ACPI: Added _OSI(Processor Aggregator Device)
[    3.781722] ACPI: Executed 1 blocks of module-level executable AML code
[    3.793237] ACPI: Interpreter enabled
[    3.807662] ACPI: (supports S0 S5)
[    3.815575] ACPI: Using IOAPIC for interrupt routing
[    3.843303] PCI: Using host bridge windows from ACPI; if necessary, use "pci=nocrs" and report a bug
[    3.881184] ACPI: PCI Root Bridge [PCI0] (domain 0000 [bus 00-ff])
[    3.897491] acpi PNP0A03:00: _OSC: OS supports [ASPM ClockPM Segments MSI]
[    3.924863] acpi PNP0A03:00: _OSC: not requesting OS control; OS requires [ExtendedConfig ASPM ClockPM MSI]
[    3.937558] acpi PNP0A03:00: fail to add MMCONFIG information, can't access extended PCI configuration space under this bridge.
[    3.971028] PCI host bridge to bus 0000:00
[    3.994629] pci_bus 0000:00: root bus resource [io  0x0000-0x0cf7 window]
[    4.015966] pci_bus 0000:00: root bus resource [io  0x0d00-0xffff window]
[    4.037220] pci_bus 0000:00: root bus resource [mem 0x000a0000-0x000bffff window]
[    4.061000] pci_bus 0000:00: root bus resource [mem 0x40000000-0xfdffffff window]
[    4.082064] pci_bus 0000:00: root bus resource [bus 00-ff]
[    4.116306] pci 0000:00:01.1: legacy IDE quirk: reg 0x10: [io  0x01f0-0x01f7]
[    4.169796] pci 0000:00:01.1: legacy IDE quirk: reg 0x14: [io  0x03f6]
[    4.180906] pci 0000:00:01.1: legacy IDE quirk: reg 0x18: [io  0x0170-0x0177]
[    4.198851] pci 0000:00:01.1: legacy IDE quirk: reg 0x1c: [io  0x0376]
[    4.230581] pci 0000:00:07.0: quirk: [io  0x4000-0x403f] claimed by PIIX4 ACPI
[    4.240578] pci 0000:00:07.0: quirk: [io  0x4100-0x410f] claimed by PIIX4 SMB
[    4.258823] ACPI: PCI Interrupt Link [LNKA] (IRQs 5 9 10 *11)
[    4.275882] ACPI: PCI Interrupt Link [LNKB] (IRQs 5 9 *10 11)
[    4.323802] ACPI: PCI Interrupt Link [LNKC] (IRQs 5 *9 10 11)
[    4.342987] ACPI: PCI Interrupt Link [LNKD] (IRQs 5 9 10 *11)
[    4.367176] ACPI: Enabled 2 GPEs in block 00 to 07
[    4.375429] vgaarb: setting as boot device: PCI:0000:00:02.0
[    4.383402] vgaarb: device added: PCI:0000:00:02.0,decodes=io+mem,owns=io+mem,locks=none
[    4.401304] vgaarb: loaded
[    4.402465] vgaarb: bridge control possible 0000:00:02.0
[    4.411637] SCSI subsystem initialized
[    4.420653] ACPI: bus type USB registered
[    4.433493] usbcore: registered new interface driver usbfs
[    4.442464] usbcore: registered new interface driver hub
[    4.445911] usbcore: registered new device driver usb
[    4.464498] PCI: Using ACPI for IRQ routing
[    4.482021] NetLabel: Initializing
[    4.511554] NetLabel:  domain hash size = 128
[    4.518910] NetLabel:  protocols = UNLABELED CIPSOv4
[    4.521991] NetLabel:  unlabeled traffic allowed by default
[    4.543866] amd_nb: Cannot enumerate AMD northbridges
[    4.553989] clocksource: Switched to clocksource kvm-clock
[    .697] AppArmor ApAmor Flesystem Enabled
[    4.828129] pnp: PnP ACPI init
[    4.830498] pnp: PnP ACPI: found 3 devices

[    4.846813] clocksource: cp_pm: mask: 0xfffffma_ccles: 0xffffff, max_idle_ns: 2085701024 ns
[   5.023353] NET: Registered protocolamly2
[    5.163969TC etalihe hsh tbl etres 892(ode: , 556 yts)
[   .687540]CPbid ash tablentries: 8192 (order: 5, 131072 tes)
[    5.940095] TCP: Hash tables configured (established 8192 bind 8192)
[    5.942662] UDP hash table entries: 512 (order: 216384 byte)
[    6.049139] UDP-Lite hash table entries: 512 (order: 2, 16384 bytes)
[    6.051733] NET: Registereprocl amly1[    6.261039] pc 000:0:0.0 Lmiin dret CIPCI anfes
[    6.66929] pci00:0:0.0 Atiatin IA MAhang orkarounds
[    7.057707] Unpacking initramfs...

[    7.376840] Freeing initrd memory: 15368K
[    7.402651] platform rtc_cmos: registered platform RTC device (no PNP device found)
[    7.419356] Scanning for low memory corruption every 60 seconds
[    7.428857] audit: initializing netlink subsys (disabled)
[    7.455605] audit: type=2000 audit(1546627671.774:1): initialized
[    7.487618] Initialise system trusted keyring
[    7.496644] HugeTLB registered 2 MB page size, pre-allocated 0 pages
[    7.533667] zbud: loaded
[    7.570264] VFS: Disk quotas dquot_6.6.0
[    7.621863] VFS: Dquot-cache hash table entries: 512 (order 0, 4096 bytes)
[    7.649091] squashfs: version 4.0 (2009/01/31) Phillip Lougher
[    7.664240] fuse init (API version 7.23)
[    7.666030] Key type big_key registered
[    7.667672] Allocating IMA MOK and blacklist keyrings.
[    7.683767] Key type asymmetric registered
[    7.685096] Asymmetric key parser 'x509' registered
[    7.687100] Block layer SCSI generic (bsg) driver version 0.4 loaded (major 249)
[    7.711974] io scheduler noop registered
[    7.738211] io scheduler deadline registered (default)
[    7.745903] io scheduler cfq registered
[    7.752950] pci_hotplug: PCI Hot Plug PCI Core version: 0.5
[    7.771074] pciehp: PCI Express Hot Plug Controller Driver version: 0.4
[    7.774069] ACPI: AC Adapter [AC] (off-line)
[    7.785907] input: Power Button as /devices/LNXSYSTM:00/LNXPWRBN:00/input/input0
[    7.810846] ACPI: Power Button [PWRF]
[    7.822979] input: Sleep Button as /devices/LNXSYSTM:00/LNXSLPBN:00/input/input1
[    7.840662] ACPI: Sleep Button [SLPF]
[    7.843863] ACPI: Battery Slot [BAT0] (battery present)
[    7.883669] GHES: HEST is not enabled!
[    7.892026] Serial: 8250/16550 driver, 32 ports, IRQ sharing enabled
[    7.944680] 00:02: ttyS0 at I/O 0x3f8 (irq = 4, base_baud = 115200) is a 16550A
[    7.967448] Linux agpgart interface v0.103
[    8.007267] loop: module loaded
[    8.011869] scsi host0: ata_piix
[    8.046300] scsi host1: ata_piix
[    8.048156] ata1: PATA max UDMA/33 cmd 0x1f0 ctl 0x3f6 bmdma 0xd000 irq 14
[    8.068598] ata2: PATA max UDMA/33 cmd 0x170 ctl 0x376 bmdma 0xd008 irq 15
[    8.098410] libphy: Fixed MDIO Bus: probed
[    8.113726] tun: Universal TUN/TAP device driver, 1.6
[    8.130583] tun: (C) 1999-2004 Max Krasnyansky <maxk@qualcomm.com>
[    8.145787] PPP generic driver version 2.4.2
[    8.154789] ehci_hcd: USB 2.0 'Enhanced' Host Controller (EHCI) Driver
[    8.157862] ehci-pci: EHCI PCI platform driver
[    8.160389] ehci-platform: EHCI generic platform driver
[    8.165581] ohci_hcd: USB 1.1 'Open' Host Controller (OHCI) Driver
[    8.190193] ohci-pci: OHCI PCI platform driver
[    8.205307] ohci-platform: OHCI generic platform driver
[    8.217424] uhci_hcd: USB Universal Host Controller Interface driver
[    8.220419] i8042: PNP: PS/2 Controller [PNP0303:PS2K,PNP0f03:PS2M] at 0x60,0x64 irq 1,12
[    8.235254] serio: i8042 KBD port at 0x60,0x64 irq 1
[    8.237678] serio: i8042 AUX port at 0x60,0x64 irq 12
[    8.274678] mousedev: PS/2 mouse device common for all mice
[    8.278632] rtc_cmos rtc_cmos: rtc core: registered rtc_cmos as rtc0
[    8.303001] rtc_cmos rtc_cmos: alarms up to one day, 114 bytes nvram
[    8.306171] input: AT Translated Set 2 keyboard as /devices/platform/i8042/serio0/input/input2
[    8.316076] i2c /dev entries driver
[    8.326846] device-mapper: uevent: version 1.0.3
[    8.331722] device-mapper: ioctl: 4.34.0-ioctl (2015-10-28) initialised: dm-devel@redhat.com
[    8.350208] ledtrig-cpu: registered to indicate activity on CPUs
[    8.366513] NET: Registered protocol family 10
[    8.388543] NET: Registered protocol family 17
[    8.405406] tsc: Refined TSC clocksource calibration: 2906.010 MHz
[    8.410551] Key type dns_resolver registered
[    8.442801] registered taskstats version 1
[    8.442816] Loading compiled-in X.509 certificates
[    8.443753] Loaded X.509 cert 'Build time autogenerated kernel key: 9a104bc44b81e9426fe5c715e47d021d02d69eba'
[    8.443784] zswap: loaded using pool lzo/zbud
[    8.466674] Key type trusted registered
[    8.470030] Key type encrypted registered
[    8.470036] AppArmor: AppArmor sha1 policy hashing enabled
[    8.470039] ima: No TPM chip found, activating TPM-bypass!
[    8.470046] ima: Allocated hash algorithm: sha1
[    8.470060] evm: HMAC attrs: 0x1
[    8.470721]   Magic number: 3:414:796
[    8.474756] rtc_cmos rtc_cmos: setting system clock to 2019-01-04 18:47:50 UTC (1546627670)
[    8.474875] BIOS EDD facility v0.16 2004-Jun-25, 0 devices found
[    8.474875] EDD information not available.
[    8.621595]clckouce: tsc msk: 0xffffffffffffff max_cycles: 0x29e370717c1, max_idle_ns: 44792021 n
[    8.973778] Freeing unused kernel memory: 1528K
[    9.746113] Write protecting the kernel read-only data: 14336k
[    9.783523] Freeing unused kernel memory: 1664K
[    9.788148] Freeing unused kernel memory: 92K
Loading, please wait...
starting version 229
[    9.813232] random: udevadm: uninitialized urandom read (16 bytes read, 5 bits of entropy available)
[    9.813371] random: systemd-udevd: uninitialized urandom read (16 bytes read, 5 bits of entropy available)
[    9.813452] random: systemd-udevd: uninitialized urandom read (16 bytes read, 5 bits of entropy available)
[    9.813467] random: systemd-udevd: uninitialized urandom read (16 bytes read, 5 bits of entropy available)
[    9.813482] random: systemd-udevd: uninitialized urandom read (16 bytes read, 5 bits of entropy available)
[    9.942620] random: udevadm: uninitialized urandom read (16 bytes read, 5 bits of entropy available)
[    9.996027] random: systemd-udevd: uninitialized urandom read (16 bytes read, 5 bits of entropy available)
[    9.999964] random: udevadm: uninitialized urandom read (16 bytes read, 5 bits of entropy available)
[   10.000005] random: udevadm: uninitialized urandom read (16 bytes read, 5 bits of entropy available)
[   10.000122] random: udevadm: uninitialized urandom read (16 bytes read, 5 bits of entropy available)
[   10.068522] e1000: Intel(R) PRO/1000 Network Driver - version 7.3.21-k8-NAPI
[   10.081095] e1000: Copyright (c) 1999-2006 Intel Corporation.
[   10.081161] Fusion MPT base driver 3.04.20
[   10.081161] Copyright (c) 1999-2008 LSI Corporation
[   10.122000] Fusion MPT SPI Host driver 3.04.20
[   10.140482] AVX2 version of gcm_enc/dec engaged.
[   10.175804] AES CTR mode by8 optimization enabled
[   10.413299] input: ImExPS/2 Generic Explorer Mouse as /devices/platform/i8042/serio1/input/input4
[   10.867909] e1000 0000:00:03.0 eth0: (PCI:33MHz:32-bit) 02:5a:4b:c7:3e:fa
[   10.884382] e1000 0000:00:03.0 eth0: Intel(R) PRO/1000 Network Connection
[   10.902657] e1000 0000:00:03.0 enp0s3: renamed from eth0
[   10.910342] mptbase: ioc0: Initiating bringup
[   10.984451] ioc0: LSI53C1030 A0: Capabilities={Initiator}
[   11.872752] scsi host2: ioc0: LSI53C1030 A0, FwRev=00000000h, Ports=1, MaxQ=256, IRQ=20
[   12.398128] scsi 2:0:0:0: Direct-Access     VBOX     HARDDISK         1.0  PQ: 0 ANSI: 5
[   12.413333] scsi target2:0:0: Beginning Domain Validation
[   12.437164] scsi target2:0:0: Domain Validation skipping write tests
[   12.455170] scsi target2:0:0: Ending Domain Validation
[   12.476819] scsi target2:0:0: asynchronous
[   12.486082] scsi 2:0:1:0: Direct-Access     VBOX     HARDDISK         1.0  PQ: 0 ANSI: 5
[   12.514816] scsi target2:0:1: Beginning Domain Validation
[   12.553040] scsi target2:0:1: Domain Validation skipping write tests
[   12.690310] scsi target2:0:1: Ending Domain Validation
[   13.320277] scsi target2:0:1: asynchronous
[   13.446624] sd 2:0:0:0: Attached scsi generic sg0 type 0
[   13.448544] sd 2:0:0:0: [sda] 20971520 512-byte logical blocks: (10.7 GB/10.0 GiB)
[   13.473984] sd 2:0:1:0: Attached scsi generic sg1 type 0
[   13.475317] sd 2:0:0:0: [sda] Write Protect is off
[   13.475535] sd 2:0:0:0: [sda] Incomplete mode parameter data
[   13.475536] sd 2:0:0:0: [sda] Assuming drive cache: write through
[   13.476914]  sda: sda1
[   13.477669] sd 2:0:0:0: [sda] Attached SCSI disk
[   13.530973] sd 2:0:1:0: [sdb] 20480 512-byte logical blocks: (10.5 MB/10.0 MiB)
[   13.531222] sd 2:0:1:0: [sdb] Write Protect is off
[   13.531378] sd 2:0:1:0: [sdb] Incomplete mode parameter data
[   13.531379] sd 2:0:1:0: [sdb] Assuming drive cache: write through
[   13.534724] sd 2:0:1:0: [sdb] Attached SCSI disk
Begin: Loading essential drivers ... [   15.345481] md: linear personality registered for level -1
[   15.355922] md: multipath personality registered for level -4
[   15.367409] md: raid0 personality registered for level 0
[   15.371928] md: raid1 personality registered for level 1
[   15.446281] raid6: sse2x1   gen()  9924 MB/s
[   15.514072] raid6: sse2x1   xor()  7705 MB/s
[   15.610348] raid6: sse2x2   gen() 12747 MB/s
[   15.678553] raid6: sse2x2   xor()  9020 MB/s
[   15.766128] raid6: sse2x4   gen() 14440 MB/s
[   15.870041] raid6: sse2x4   xor()  9637 MB/s
[   15.942275] raid6: avx2x1   gen() 20182 MB/s
[   16.018024] raid6: avx2x2   gen() 24256 MB/s
[   16.090258] raid6: avx2x4   gen() 25932 MB/s
[   16.103714] raid6: using algorithm avx2x4 gen() 25932 MB/s
[   16.105970] raid6: using avx2x2 recovery algorithm
[   16.115126] xor: automatically using best checksumming function:
[   16.170946]    avx       : 49104.000 MB/sec
[   16.227926] async_tx: api initialized (async)
[   16.247685] md: raid6 personality registered for level 6
[   16.261036] md: raid5 personality registered for level 5
[   16.270301] md: raid4 personality registered for level 4
[   16.295137] md: raid10 personality registered for level 10
done.
Begin: Running /scripts/init-premount ... done.
Begin: Mounting root file system ... Begin: Running /scripts/local-top ... done.
Begin: Running /scripts/local-premount ... [   16.332848] Btrfs loaded
Scanning for Btrfs filesystems
done.
Warning: fsck not present, so skipping root file system
[   16.397498] EXT4-fs (sda1): INFO: recovery required on readonly filesystem
[   16.403071] EXT4-fs (sda1): write access will be enabled during recovery
[   16.490653] EXT4-fs (sda1): orphan cleanup on readonly fs
[   17.272468] EXT4-fs (sda1): 6 orphan inodes deleted
[   17.708921] EXT4-fs (sda1): recovery complete
[   17.855931] EXT4-fs (sda1): mounted filesystem with ordered data mode. Opts: (null)
done.
Begin: Running /scripts/local-bottom ... done.
Begin: Running /scripts/init-bottom ... done.
[   18.045251] systemd[1]: systemd 229 running in system mode. (+PAM +AUDIT +SELINUX +IMA +APPARMOR +SMACK +SYSVINIT +UTMP +LIBCRYPTSETUP +GCRYPT +GNUTLS +ACL +XZ -LZ4 +SECCOMP +BLKID +ELFUTILS +KMOD -IDN)
[   18.142146] systemd[1]: Detected virtualization oracle.
[   18.165700] systemd[1]: Detected architecture x86-64.

Welcome to [1mUbuntu 16.04.5 LTS[0m!

[   18.264489] systemd[1]: Set hostname to <ubuntu-xenial>.
[   18.376743] random: nonblocking pool is initialized
[   18.487353] systemd[1]: Reached target System Time Synchronized.
[[0;32m  OK  [0m] Reached target System Time Synchronized.
[   18.493026] systemd[1]: Listening on Syslog Socket.
[[0;32m  OK  [0m] Listening on Syslog Socket.
[   18.575650] systemd[1]: Listening on LVM2 metadata daemon socket.
[[0;32m  OK  [0m] Listening on LVM2 metadata daemon socket.
[   18.646727] systemd[1]: Started Trigger resolvconf update for networkd DNS.
[[0;32m  OK  [0m] Started Trigger resolvconf update for networkd DNS.
[   18.651902] systemd[1]: Listening on Journal Audit Socket.
[[0;32m  OK  [0m] Listening on Journal Audit Socket.
[   18.668007] systemd[1]: Listening on LVM2 poll daemon socket.
[[0;32m  OK  [0m] Listening on LVM2 poll daemon socket.
[   18.682881] systemd[1]: Reached target Swap.
[[0;32m  OK  [0m] Reached target Swap.
[   18.691562] systemd[1]: Listening on Journal Socket.
[[0;32m  OK  [0m] Listening on Journal Socket.
[   18.699441] systemd[1]: Listening on /dev/initctl Compatibility Named Pipe.
[[0;32m  OK  [0m] Listening on /dev/initctl Compatibility Named Pipe.
[   18.719583] systemd[1]: Created slice User and Session Slice.
[[0;32m  OK  [0m] Created slice User and Session Slice.
[   18.755473] systemd[1]: Listening on Journal Socket (/dev/log).
[[0;32m  OK  [0m] Listening on Journal Socket (/dev/log).
[   18.823869] systemd[1]: Set up automount Arbitrary Executable File Formats File System Automount Point.
[[0;32m  OK  [0m] Set up automount Arbitrary Executab...ats File System Automount Point.
[   18.883453] systemd[1]: Created slice System Slice.
[[0;32m  OK  [0m] Created slice System Slice.
[   18.914342] systemd[1]: Starting Remount Root and Kernel File Systems...
[   18.926739] EXT4-fs (sda1): re-mounted. Opts: (null)
         Starting Remount Root and Kernel File Systems...
[   19.018915] systemd[1]: Starting Create list of required static device nodes for the current kernel...
         Starting Create list of required st... nodes for the current kernel...
[   19.136863] systemd[1]: Reached target Slices.
[[0;32m  OK  [0m] Reached target Slices.
[   19.182889] systemd[1]: Mounting Debug File System...
         Mounting Debug File System...
[   19.219222] systemd[1]: Starting Uncomplicated firewall...
         Starting Uncomplicated firewall...
[   19.262711] systemd[1]: Mounting Huge Pages File System...
         Mounting Huge Pages File System...
[   19.276340] systemd[1]: Starting Set console keymap...
         Starting Set console keymap...
[   19.319379] systemd[1]: Starting Load Kernel Modules...
[   19.330123] Loading iSCSI transport class v2.0-870.
         Startin[   19.338828] iscsi: registered transport (tcp)
g Load Kernel Modules...
[   19.402847] iscsi: registered transport (iser)
[   19.402856] systemd[1]: Starting Journal Service...
         Starting Journal Service...
[   19.478585] systemd[1]: Starting Nameserver information manager...
         Starting Nameserver information manager...
[   19.543616] systemd[1]: Reached target User and Group Name Lookups.
[[0;32m  OK  [0m] Reached target User and Group Name Lookups.
[   19.699858] systemd[1]: Started Forward Password Requests to Wall Directory Watch.
[[0;32m  OK  [0m] Started Forward Password Requests to Wall Directory Watch.
[   19.758561] systemd[1]: Reached target Encrypted Volumes.
[[0;32m  OK  [0m] Reached target Encrypted Volumes.
[   19.763335] systemd[1]: Listening on udev Kernel Socket.
[[0;32m  OK  [0m] Listening on udev Kernel Socket.
[   19.772052] systemd[1]: Listening on udev Control Socket.
[[0;32m  OK  [0m] Listening on udev Control Socket.
[   19.786268] systemd[1]: Mounting POSIX Message Queue File System...
         Mounting POSIX Message Queue File System...
[   19.803419] systemd[1]: Created slice system-serial\x2dgetty.slice.
[[0;32m  OK  [0m] Created slice system-serial\x2dgetty.slice.
[   19.818245] systemd[1]: Listening on Device-mapper event daemon FIFOs.
[[0;32m  OK  [0m] Listening on Device-mapper event daemon FIFOs.
[   19.846435] systemd[1]: Starting Monitoring of LVM2 mirrors, snapshots etc. using dmeventd or progress polling...
         Starting Monitoring of LVM2 mirrors... dmeventd or progress polling...
[   19.959864] systemd[1]: Mounted POSIX Message Queue File System.
[[0;32m  OK  [0m] Mounted POSIX Message Queue File System.
[   20.016875] sysemd[1]: Mounted Debug File System.
[[0;32m  OK  [0m] Mounted Debug File System.
[   20.087234]syted[1]: Mouned Huge Pags File Sstem.
[[0;32m  OK  [0m] Mounted Huge Pages File System.
[   20.2368]systmd[1]: Startedounal Service.
[[0;32m  OK  [0m] Started Journal Service.
[[0;32m  OK  [0m] Started Remount Root and Kernel File Systems.
[[0;32m  OK  [0m] Started Create list of required sta...ce nodes for the current kernel.
[[0;32m  OK  [0m] Started Uncomplicated firewall.
[[0;32m  OK  [0m] Started Set console keymap.
[[0;32m  OK  [0m] Started Load Kernel Modules.
[[0;32m  OK  [0m] Started Nameserver information manager.
[[0;32m  OK  [0m] Started LVM2 metadata daemon.
         Mounting FUSE Control File System...
         Starting Apply Kernel Variables...
         Starting Create Static Device Nodes in /dev...
         Starting udev Coldplug all Devices...
         Starting Load/Save Random Seed...
         Starting Flush Journal to Persistent Storage...
[[0;32m  OK  [0m] Mounted FUSE Control File System.
[[0;32m  OK  [0m] Started Apply Kernel Variables.
[[0;32m  OK  [0m] Started Create Static Device Nodes in /dev.
[[0;32m  OK  [0m] Started Load/Save Random Seed.
[[0;32m  OK  [0m] Started udev Coldplug all Devices.
[[0;32m  OK  [0m] Started Flush Journal to Persistent Storage.
         Starting udev Kernel Device Manager...
[[0;32m  OK  [0m] Started udev Kernel Device Manager.
[[0;32m  OK  [0m] Started Dispatch Password Requests to Console Directory Watch.
[[0;32m  OK  [0m] Found device /dev/ttyS0.
[[0;32m  OK  [0m] Listening on Load/Save RF Kill Switch Status /dev/rfkill Watch.
[[0;32m  OK  [0m] Started Monitoring of LVM2 mirrors,...ng dmeventd or progress polling.
[[0;32m  OK  [0m] Reached target Local File Systems (Pre).
[[0;32m  OK  [0m] Reached target Local File Systems.
         Starting Set console font and keymap...
         Starting Tell Plymouth To Write Out Runtime Data...
         Starting Create Volatile Files and Directories...
         Starting Initial cloud-init job (pre-networking)...
         Starting LSB: AppArmor initialization...
[[0;32m  OK  [0m] Started Tell Plymouth To Write Out Runtime Data.
[[0;32m  OK  [0m] Started Create Volatile Files and Directories.
         Starting Update UTMP about System Boot/Shutdown...
[[0;32m  OK  [0m] Started LSB: AppArmor initialization.
[[0;32m  OK  [0m] Started Update UTMP about System Boot/Shutdown.
[[0;32m  OK  [0m] Found device 82540EM Gigabit Ethern...r (PRO/1000 MT Desktop Adapter).
[   18.683419] cloud-init[550]: Cloud-init v. 18.3-9-g2e62cb8a-0ubuntu1~16.04.2 running 'init-local' at Fri, 04 Jan 2019 18:48:04 +0000. Up 18.38 seconds.
[[0;32m  OK  [0m] Started Initial cloud-init job (pre-networking).
[[0;32m  OK  [0m] Reached target Network (Pre).
         Starting Raise network interfaces...
[[0;32m  OK  [0m] Started ifup for enp0s3.
[[0;32m  OK  [0m] Started Set console font and keymap.
[[0;32m  OK  [0m] Created slice system-getty.slice.
[[0;32m  OK  [0m] Started Raise network interfaces.
         Starting Initial cloud-init job (metadata service crawler)...
[[0;32m  OK  [0m] Reached target Network.
[   19.680360] cloud-init[964]: Cloud-init v. 18.3-9-g2e62cb8a-0ubuntu1~16.04.2 running 'init' at Fri, 04 Jan 2019 18:48:05 +0000. Up 19.37 seconds.
[   19.726681] cloud-init[964]: ci-info: ++++++++++++++++++++++++++++++++++++++Net device info++++++++++++++++++++++++++++++++++++++
[   19.764940] cloud-init[964]: ci-info: +--------+------+----------------------------+---------------+--------+-------------------+
[   19.869149] cloud-init[[0;32m  OK  [0m] Started Initial cloud-init job (metadata service crawler).
[964]: ci-info: | Device |  Up  |          Address           |      Mask     | Scope  |     Hw-Address    |
[[0;32m  OK  [0m] Reached target System Initialization.
[   19.873621] cloud-init[964]: ci-info: +--------+------+----------------------------+---------------+--------+-------------------+
[[0;32m  OK  [0m] Listening on ACPID Listen Socket.
[[0;32m  OK  [0m] Listening on UUID daemon activation socket.
[   19.940819] cloud-init[964]: ci-info: | enp0s3 | True |         10.0.2.15          | 255.255.255.0 | global | 02:5a:4b:c7:3e:fa |
[   20.136959]          Starting LXD - unix socket.
cloud-init[964]: ci-info: | enp0s3 | True | fe80::5a:4bff:fec7:3efa/64 |       .       |  link  | 02:5a:4b:c7:3e:fa |
[   20.198259] cloud-init[964]: ci-info: |   lo   | True |         127.0.0.1          |   255.0.0.0   |  host  |         .         |
[[0;32m  OK  [0m] Started ACPI Events Check.
[[0;32m  OK  [0m] Reached target Paths.
[[0;32m  OK  [0m] Started Daily Cleanup of Temporary Directories.
[   20.201354] cloud-init[964]: ci-info: |   lo   | True |          ::1/128           |       .       |  host  |         .         |
[   20.324191] [[0;32m  OK  [0m] Started Daily apt download activities.
[[0;32m  OK  [0m] Started Daily apt upgrade and clean activities.
[[0;32m  OK  [0m] Reached target Timers.
cloud-init[964]: ci-info: +--------+------+----------------------------+---------------+--------+-------------------+
[   20.413359] cloud-init[964]: ci-info: +++++++++++++++++++++++++++Route IPv4 info++++++++++++++++++++++++++++
         Starting Socket activation for snappy daemon.
[   20.416891] [[0;32m  OK  [0m] Listening on D-Bus System Message Bus Socket.
[[0;32m  OK  [0m] Reached target Cloud-config availability.
[[0;32m  OK  [0m] Reached target Network is Online.
cloud-init[964]: ci-info: +-------+-------------+----------+---------------+-----------+-------+
[   20.614190]          Starting iSCSI initiator daemon (iscsid)...
[[0;32m  OK  [0m] Listening on LXD - unix socket.
[[0;32m  OK  [0m] Listening on Socket activation for snappy daemon.
cloud-init[964]: ci-info: | Route | Destination | Gateway  |    Genmask    | Interface | Flags |
[   20.644721] [[0;32m  OK  [0m] Reached target Sockets.
[[0;32m  OK  [0m] Reached target Basic System.
cloud-init[964]: ci-info: +-------+-------------+----------+---------------+-----------+-------+
[   20.693197] [cloud-init[0;32m  OK  [0m[964]: ] ci-info: |   0   |   0.0.0.0   | 10.0.2.2 |    0.0.0.0    |   enp0s3  |   UG  |Started ACPI event daemon.

[   20.715044] [[0;32m  OK  [0m] Started Deferred execution scheduler.
cloud-init[964]: ci-info: |   1   |   10.0.2.0  | 0.0.0.0  | 255.255.255.0 |   enp0s3  |   U   |
[   20.782635]          Starting OpenBSD Secure Shell server...
cloud-init[964]: ci-info: +-------+-------------+----------+---------------+-----------+-------+
[   20.814842]          Starting Login Service...
         Starting System Logging Service...
cloud-init[964]: ci-info: +++++++++++++++++++Route IPv6 info+++++++++++++++++++
[   20.876276]          Starting Accounts Service...
cloud-init[964]: ci-info: +-------+-------------+---------+-----------+-------+
         Starting LSB: Record successful boot for GRUB...
[[0;32m  OK  [0m] Started Unattended Upgrades Shutdown.
[   20.887804] cloud-init[964]: ci-info: | Route | Destination | Gateway | Interface | Flags |
[   20.945038] cloud-init[964]: ci-info: +-------+-------------+---------+-----------+-------+
[[0;32m  OK  [0m] Started Regular background program processing daemon.
[   20.973451] cloud-init[964]: ci-info: |   0   |  fe80::/64  |    ::   |   enp0s3  |   U   |
[   21.032363]          Starting Virtualbox guest utils...
         Starting LSB: MD monitoring daemon...
cloud-init[964]: ci-info: |   3   |   ff00::/8  |    ::   |   enp0s3  |   U   |
         Starting Snappy daemon...
[   21.041863]          Starting /etc/rc.local Compatibility...
[[0;32m  OK  [0m] Started FUSE filesystem for LXC.
cloud-init[964]: ci-info: +-------+-------------+---------+-----------+-------+
[[0;32m  OK  [0m] Started D-Bus System Message Bus.
         Starting LXD - container startup/shutdown...
[[0;32m  OK  [0m] Started System Logging Service.
[[0;32m  OK  [0m] Started iSCSI initiator daemon (iscsid).
[[0;32m  OK  [0m] Started /etc/rc.local Compatibility.
[[0;32m  OK  [0m] Started OpenBSD Secure Shell server.
[[0;32m  OK  [0m] Started LSB: Record successful boot for GRUB.
[[0;32m  OK  [0m] Started LXD - container startup/shutdown.
[[0;32m  OK  [0m] Started LSB: MD monitoring daemon.
[[0;32m  OK  [0m] Started Snappy daemon.
[[0;32m  OK  [0m] Started Virtualbox guest utils.
[[0;32m  OK  [0m] Started Login Service.
         Starting Authenticate and Authorize Users to Run Privileged Tasks...
         Starting Wait until snapd is fully seeded...
         Starting Login to default iSCSI targets...
[[0;32m  OK  [0m] Started Authenticate and Authorize Users to Run Privileged Tasks.
[[0;32m  OK  [0m] Started Accounts Service.
[[0;32m  OK  [0m] Started Wait until snapd is fully seeded.
[[0;32m  OK  [0m] Started Login to default iSCSI targets.
[[0;32m  OK  [0m] Reached target Remote File Systems (Pre).
[[0;32m  OK  [0m] Reached target Remote File Systems.
         Starting LSB: automatic crash report generation...
         Starting Permit User Sessions...
         Starting LSB: Set the CPU Frequency Scaling governor to "ondemand"...
         Starting LSB: daemon to balance interrupts for SMP systems...
         Starting Apply the settings specified in cloud-config...
[[0;32m  OK  [0m] Started Permit User Sessions.
         Starting Hold until boot process finishes up...
         Starting Terminate Plymouth Boot Screen...
[[0;32m  OK  [0m] Started LSB: automatic crash report generation.
[[0;32m  OK  [0m] Started LSB: Set the CPU Frequency Scaling governor to "ondemand".
[[0;32m  OK  [0m] Started LSB: daemon to balance interrupts for SMP systems.
[[0;32m  OK  [0m] Started Hold until boot process finishes up.
[[0;32m  OK  [0m] Started Terminate Plymouth Boot Screen.
         Starting Set console scheme...
[[0;32m  OK  [0m] Started Serial Getty on ttyS0.
[[0;32m  OK  [0m] Started Getty on tty1.
[[0;32m  OK  [0m] Reached target Login Prompts.
[[0;32m  OK  [0m] Reached target Multi-User System.
[[0;32m  OK  [0m] Reached target Graphical Interface.
         Starting Update UTMP about System Runlevel Changes...
[[0;32m  OK  [0m] Started Set console scheme.
[[0;32m  OK  [0m] Started Update UTMP about System Runlevel Changes.
[   22.101907] cloud-init[1170]: Cloud-init v. 18.3-9-g2e62cb8a-0ubuntu1~16.04.2 running 'modules:config' at Fri, 04 Jan 2019 18:48:08 +0000. Up 21.98 seconds.
[[0;32m  OK  [0m] Started Apply the settings specified in cloud-config.
         Starting Execute cloud user/final scripts...
[   22.615239] cloud-init[1219]: Cloud-init v. 18.3-9-g2e62cb8a-0ubuntu1~16.04.2 running 'modules:final' at Fri, 04 Jan 2019 18:48:08 +0000. Up 22.50 seconds.
[   22.619898] cloud-init[1219]: Cloud-init v. 18.3-9-g2e62cb8a-0ubuntu1~16.04.2 finished at Fri, 04 Jan 2019 18:48:08 +0000. Datasource DataSourceNoCloud [seed=/dev/sdb][dsmode=net].  Up 22.60 seconds
[[0;32m  OK  [0m] Started Execute cloud user/final scripts.
[[0;32m  OK  [0m] Reached target Cloud-init target.

Ubuntu 16.04.5 LTS ubuntu-xenial ttyS0

ubuntu-xenial login: 